<?xml version="1.0" encoding="UTF-8"?>
<!-- Generated by org.testng.reporters.JUnitXMLReporter -->
<testsuite ignored="0" hostname="DESKTOP-DTFBPLG" failures="0" tests="3" name="All tests" time="63.644" errors="0" timestamp="2023-05-05T17:41:52 MSK">
  <testcase classname="com.epam.training.student_Aleksei_Guskov.test.GooglePlatformEstimatedTest" name="testEqualsSelectedParameters" time="20.289"/>
  <testcase classname="com.epam.training.student_Aleksei_Guskov.test.GooglePlatformFinderTest" name="testOfGoogleFinderWithFindAndClickSearcher" time="12.139"/>
  <testcase classname="com.epam.training.student_Aleksei_Guskov.test.GooglePlatformPriceEqualsPriceInEmailTests" name="testOfEqualsPriceInMailAndInGoogle" time="26.527"/>
</testsuite> <!-- All tests -->
