<?xml version="1.0" encoding="UTF-8"?>
<testng-results ignored="0" total="3" passed="3" failed="0" skipped="0">
  <reporter-output>
  </reporter-output>
  <suite started-at="2023-05-05T17:40:48 MSK" name="All tests" finished-at="2023-05-05T17:41:52 MSK" duration-ms="63644">
    <groups>
    </groups>
    <test started-at="2023-05-05T17:40:48 MSK" name="All tests" finished-at="2023-05-05T17:41:52 MSK" duration-ms="63644">
      <class name="com.epam.training.student_Aleksei_Guskov.test.GooglePlatformPriceEqualsPriceInEmailTests">
        <test-method is-config="true" signature="browserSetup()[pri:0, instance:com.epam.training.student_Aleksei_Guskov.test.GooglePlatformPriceEqualsPriceInEmailTests@57a78e3]" started-at="2023-05-05T17:41:24 MSK" name="browserSetup" finished-at="2023-05-05T17:41:25 MSK" duration-ms="821" status="PASS">
          <reporter-output>
          </reporter-output>
        </test-method> <!-- browserSetup -->
        <test-method signature="testOfEqualsPriceInMailAndInGoogle()[pri:0, instance:com.epam.training.student_Aleksei_Guskov.test.GooglePlatformPriceEqualsPriceInEmailTests@57a78e3]" started-at="2023-05-05T17:41:25 MSK" name="testOfEqualsPriceInMailAndInGoogle" finished-at="2023-05-05T17:41:52 MSK" duration-ms="26527" status="PASS">
          <reporter-output>
          </reporter-output>
        </test-method> <!-- testOfEqualsPriceInMailAndInGoogle -->
        <test-method is-config="true" signature="browserTearDown()[pri:0, instance:com.epam.training.student_Aleksei_Guskov.test.GooglePlatformPriceEqualsPriceInEmailTests@57a78e3]" started-at="2023-05-05T17:41:52 MSK" name="browserTearDown" finished-at="2023-05-05T17:41:52 MSK" duration-ms="312" status="PASS">
          <reporter-output>
          </reporter-output>
        </test-method> <!-- browserTearDown -->
      </class> <!-- com.epam.training.student_Aleksei_Guskov.test.GooglePlatformPriceEqualsPriceInEmailTests -->
      <class name="com.epam.training.student_Aleksei_Guskov.test.GooglePlatformEstimatedTest">
        <test-method is-config="true" signature="browserSetup()[pri:0, instance:com.epam.training.student_Aleksei_Guskov.test.GooglePlatformEstimatedTest@353352b6]" started-at="2023-05-05T17:40:48 MSK" name="browserSetup" finished-at="2023-05-05T17:40:50 MSK" duration-ms="2115" status="PASS">
          <reporter-output>
          </reporter-output>
        </test-method> <!-- browserSetup -->
        <test-method signature="testEqualsSelectedParameters()[pri:0, instance:com.epam.training.student_Aleksei_Guskov.test.GooglePlatformEstimatedTest@353352b6]" started-at="2023-05-05T17:40:50 MSK" name="testEqualsSelectedParameters" finished-at="2023-05-05T17:41:11 MSK" duration-ms="20289" status="PASS">
          <reporter-output>
          </reporter-output>
        </test-method> <!-- testEqualsSelectedParameters -->
        <test-method is-config="true" signature="browserTearDown()[pri:0, instance:com.epam.training.student_Aleksei_Guskov.test.GooglePlatformEstimatedTest@353352b6]" started-at="2023-05-05T17:41:11 MSK" name="browserTearDown" finished-at="2023-05-05T17:41:11 MSK" duration-ms="255" status="PASS">
          <reporter-output>
          </reporter-output>
        </test-method> <!-- browserTearDown -->
      </class> <!-- com.epam.training.student_Aleksei_Guskov.test.GooglePlatformEstimatedTest -->
      <class name="com.epam.training.student_Aleksei_Guskov.test.GooglePlatformFinderTest">
        <test-method is-config="true" signature="browserSetup()[pri:0, instance:com.epam.training.student_Aleksei_Guskov.test.GooglePlatformFinderTest@4681c175]" started-at="2023-05-05T17:41:11 MSK" name="browserSetup" finished-at="2023-05-05T17:41:12 MSK" duration-ms="855" status="PASS">
          <reporter-output>
          </reporter-output>
        </test-method> <!-- browserSetup -->
        <test-method signature="testOfGoogleFinderWithFindAndClickSearcher()[pri:0, instance:com.epam.training.student_Aleksei_Guskov.test.GooglePlatformFinderTest@4681c175]" started-at="2023-05-05T17:41:12 MSK" name="testOfGoogleFinderWithFindAndClickSearcher" finished-at="2023-05-05T17:41:24 MSK" duration-ms="12139" status="PASS">
          <reporter-output>
          </reporter-output>
        </test-method> <!-- testOfGoogleFinderWithFindAndClickSearcher -->
        <test-method is-config="true" signature="browserTearDown()[pri:0, instance:com.epam.training.student_Aleksei_Guskov.test.GooglePlatformFinderTest@4681c175]" started-at="2023-05-05T17:41:24 MSK" name="browserTearDown" finished-at="2023-05-05T17:41:24 MSK" duration-ms="289" status="PASS">
          <reporter-output>
          </reporter-output>
        </test-method> <!-- browserTearDown -->
      </class> <!-- com.epam.training.student_Aleksei_Guskov.test.GooglePlatformFinderTest -->
    </test> <!-- All tests -->
  </suite> <!-- All tests -->
</testng-results>
